# JRE version: Java(TM) SE Runtime Environment (7.0_51-b13) (build 1.7.0_51-b13)
# Java VM: Java HotSpot(TM) 64-Bit Server VM (24.51-b03 mixed mode bsd-amd64 compressed oops)
Heap
 PSYoungGen      total 54272K, used 37729K [0x00000007f5500000, 0x00000007fed00000, 0x0000000800000000)
  eden space 53248K, 69% used [0x00000007f5500000,0x00000007f792c578,0x00000007f8900000)
  from space 1024K, 67% used [0x00000007f8a00000,0x00000007f8aac020,0x00000007f8b00000)
  to   space 51200K, 0% used [0x00000007fbb00000,0x00000007fbb00000,0x00000007fed00000)
 ParOldGen       total 227328K, used 132853K [0x00000007e0000000, 0x00000007ede00000, 0x00000007f5500000)
  object space 227328K, 58% used [0x00000007e0000000,0x00000007e81bd530,0x00000007ede00000)
 PSPermGen       total 51712K, used 49958K [0x00000007dae00000, 0x00000007de080000, 0x00000007e0000000)
  object space 51712K, 96% used [0x00000007dae00000,0x00000007ddec9b08,0x00000007de080000)
GC Heap History (10 events):
Event: 1248.154 GC heap before
{Heap before GC invocations=29 (full 4):
 PSYoungGen      total 116736K, used 59981K [0x00000007f5500000, 0x0000000800000000, 0x0000000800000000)
  eden space 58368K, 100% used [0x00000007f5500000,0x00000007f8e00000,0x00000007f8e00000)
  from space 58368K, 2% used [0x00000007fc700000,0x00000007fc8936e8,0x0000000800000000)
  to   space 58368K, 0% used [0x00000007f8e00000,0x00000007f8e00000,0x00000007fc700000)
 ParOldGen       total 227328K, used 132129K [0x00000007e0000000, 0x00000007ede00000, 0x00000007f5500000)
  object space 227328K, 58% used [0x00000007e0000000,0x00000007e81085e8,0x00000007ede00000)
 PSPermGen       total 51712K, used 49923K [0x00000007dae00000, 0x00000007de080000, 0x00000007e0000000)
  object space 51712K, 96% used [0x00000007dae00000,0x00000007ddec0c38,0x00000007de080000)
Event: 1248.161 GC heap after
Heap after GC invocations=29 (full 4):
 PSYoungGen      total 58368K, used 672K [0x00000007f5500000, 0x00000007fff00000, 0x0000000800000000)
  eden space 57344K, 0% used [0x00000007f5500000,0x00000007f5500000,0x00000007f8d00000)
  from space 1024K, 65% used [0x00000007f8e00000,0x00000007f8ea8000,0x00000007f8f00000)
  to   space 58368K, 0% used [0x00000007fc600000,0x00000007fc600000,0x00000007fff00000)
 ParOldGen       total 227328K, used 132729K [0x00000007e0000000, 0x00000007ede00000, 0x00000007f5500000)
  object space 227328K, 58% used [0x00000007e0000000,0x00000007e819e500,0x00000007ede00000)
 PSPermGen       total 51712K, used 49923K [0x00000007dae00000, 0x00000007de080000, 0x00000007e0000000)
  object space 51712K, 96% used [0x00000007dae00000,0x00000007ddec0c38,0x00000007de080000)
}
Event: 1623.099 GC heap before
{Heap before GC invocations=30 (full 4):
 PSYoungGen      total 58368K, used 58016K [0x00000007f5500000, 0x00000007fff00000, 0x0000000800000000)
  eden space 57344K, 100% used [0x00000007f5500000,0x00000007f8d00000,0x00000007f8d00000)
  from space 1024K, 65% used [0x00000007f8e00000,0x00000007f8ea8000,0x00000007f8f00000)
  to   space 58368K, 0% used [0x00000007fc600000,0x00000007fc600000,0x00000007fff00000)
 ParOldGen       total 227328K, used 132729K [0x00000007e0000000, 0x00000007ede00000, 0x00000007f5500000)
  object space 227328K, 58% used [0x00000007e0000000,0x00000007e819e500,0x00000007ede00000)
 PSPermGen       total 51712K, used 49936K [0x00000007dae00000, 0x00000007de080000, 0x00000007e0000000)
  object space 51712K, 96% used [0x00000007dae00000,0x00000007ddec40c8,0x00000007de080000)
Event: 1623.105 GC heap after
Heap after GC invocations=30 (full 4):
 PSYoungGen      total 111616K, used 608K [0x00000007f5500000, 0x00000007ffc00000, 0x0000000800000000)
  eden space 56320K, 0% used [0x00000007f5500000,0x00000007f5500000,0x00000007f8c00000)
  from space 55296K, 1% used [0x00000007fc600000,0x00000007fc698010,0x00000007ffc00000)
  to   space 57344K, 0% used [0x00000007f8c00000,0x00000007f8c00000,0x00000007fc400000)
 ParOldGen       total 227328K, used 132853K [0x00000007e0000000, 0x00000007ede00000, 0x00000007f5500000)
  object space 227328K, 58% used [0x00000007e0000000,0x00000007e81bd530,0x00000007ede00000)
 PSPermGen       total 51712K, used 49936K [0x00000007dae00000, 0x00000007de080000, 0x00000007e0000000)
  object space 51712K, 96% used [0x00000007dae00000,0x00000007ddec40c8,0x00000007de080000)
}
Event: 1976.315 GC heap before
{Heap before GC invocations=31 (full 4):
 PSYoungGen      total 111616K, used 56928K [0x00000007f5500000, 0x00000007ffc00000, 0x0000000800000000)
  eden space 56320K, 100% used [0x00000007f5500000,0x00000007f8c00000,0x00000007f8c00000)
  from space 55296K, 1% used [0x00000007fc600000,0x00000007fc698010,0x00000007ffc00000)
  to   space 57344K, 0% used [0x00000007f8c00000,0x00000007f8c00000,0x00000007fc400000)
 ParOldGen       total 227328K, used 132853K [0x00000007e0000000, 0x00000007ede00000, 0x00000007f5500000)
  object space 227328K, 58% used [0x00000007e0000000,0x00000007e81bd530,0x00000007ede00000)
 PSPermGen       total 51712K, used 49940K [0x00000007dae00000, 0x00000007de080000, 0x00000007e0000000)
  object space 51712K, 96% used [0x00000007dae00000,0x00000007ddec52b0,0x00000007de080000)
Event: 1976.320 GC heap after
Heap after GC invocations=31 (full 4):
 PSYoungGen      total 56320K, used 704K [0x00000007f5500000, 0x00000007ff700000, 0x0000000800000000)
  eden space 55296K, 0% used [0x00000007f5500000,0x00000007f5500000,0x00000007f8b00000)
  from space 1024K, 68% used [0x00000007f8c00000,0x00000007f8cb0010,0x00000007f8d00000)
  to   space 55296K, 0% used [0x00000007fc100000,0x00000007fc100000,0x00000007ff700000)
 ParOldGen       total 227328K, used 132853K [0x00000007e0000000, 0x00000007ede00000, 0x00000007f5500000)
  object space 227328K, 58% used [0x00000007e0000000,0x00000007e81bd530,0x00000007ede00000)
 PSPermGen       total 51712K, used 49940K [0x00000007dae00000, 0x00000007de080000, 0x00000007e0000000)
  object space 51712K, 96% used [0x00000007dae00000,0x00000007ddec52b0,0x00000007de080000)
}
Event: 13371.587 GC heap before
{Heap before GC invocations=32 (full 4):
 PSYoungGen      total 56320K, used 56000K [0x00000007f5500000, 0x00000007ff700000, 0x0000000800000000)
  eden space 55296K, 100% used [0x00000007f5500000,0x00000007f8b00000,0x00000007f8b00000)
  from space 1024K, 68% used [0x00000007f8c00000,0x00000007f8cb0010,0x00000007f8d00000)
  to   space 55296K, 0% used [0x00000007fc100000,0x00000007fc100000,0x00000007ff700000)
 ParOldGen       total 227328K, used 132853K [0x00000007e0000000, 0x00000007ede00000, 0x00000007f5500000)
  object space 227328K, 58% used [0x00000007e0000000,0x00000007e81bd530,0x00000007ede00000)
 PSPermGen       total 51712K, used 49947K [0x00000007dae00000, 0x00000007de080000, 0x00000007e0000000)
  object space 51712K, 96% used [0x00000007dae00000,0x00000007ddec6de0,0x00000007de080000)
Event: 13371.592 GC heap after
Heap after GC invocations=32 (full 4):
 PSYoungGen      total 104448K, used 832K [0x00000007f5500000, 0x00000007ff200000, 0x0000000800000000)
  eden space 54272K, 0% used [0x00000007f5500000,0x00000007f5500000,0x00000007f8a00000)
  from space 50176K, 1% used [0x00000007fc100000,0x00000007fc1d0010,0x00000007ff200000)
  to   space 53248K, 0% used [0x00000007f8a00000,0x00000007f8a00000,0x00000007fbe00000)
 ParOldGen       total 227328K, used 132853K [0x00000007e0000000, 0x00000007ede00000, 0x00000007f5500000)
  object space 227328K, 58% used [0x00000007e0000000,0x00000007e81bd530,0x00000007ede00000)
 PSPermGen       total 51712K, used 49947K [0x00000007dae00000, 0x00000007de080000, 0x00000007e0000000)
  object space 51712K, 96% used [0x00000007dae00000,0x00000007ddec6de0,0x00000007de080000)
}
Event: 13656.964 GC heap before
{Heap before GC invocations=33 (full 4):
 PSYoungGen      total 104448K, used 55104K [0x00000007f5500000, 0x00000007ff200000, 0x0000000800000000)
  eden space 54272K, 100% used [0x00000007f5500000,0x00000007f8a00000,0x00000007f8a00000)
  from space 50176K, 1% used [0x00000007fc100000,0x00000007fc1d0010,0x00000007ff200000)
  to   space 53248K, 0% used [0x00000007f8a00000,0x00000007f8a00000,0x00000007fbe00000)
 ParOldGen       total 227328K, used 132853K [0x00000007e0000000, 0x00000007ede00000, 0x00000007f5500000)
  object space 227328K, 58% used [0x00000007e0000000,0x00000007e81bd530,0x00000007ede00000)
 PSPermGen       total 51712K, used 49952K [0x00000007dae00000, 0x00000007de080000, 0x00000007e0000000)
  object space 51712K, 96% used [0x00000007dae00000,0x00000007ddec8068,0x00000007de080000)
Event: 13656.969 GC heap after
Heap after GC invocations=33 (full 4):
 PSYoungGen      total 54272K, used 688K [0x00000007f5500000, 0x00000007fed00000, 0x0000000800000000)
  eden space 53248K, 0% used [0x00000007f5500000,0x00000007f5500000,0x00000007f8900000)
  from space 1024K, 67% used [0x00000007f8a00000,0x00000007f8aac020,0x00000007f8b00000)
  to   space 51200K, 0% used [0x00000007fbb00000,0x00000007fbb00000,0x00000007fed00000)
 ParOldGen       total 227328K, used 132853K [0x00000007e0000000, 0x00000007ede00000, 0x00000007f5500000)
  object space 227328K, 58% used [0x00000007e0000000,0x00000007e81bd530,0x00000007ede00000)
 PSPermGen       total 51712K, used 49952K [0x00000007dae00000, 0x00000007de080000, 0x00000007e0000000)
  object space 51712K, 96% used [0x00000007dae00000,0x00000007ddec8068,0x00000007de080000)
}

